This is pdfTeX, Version 3.14159265-2.6-1.40.18 (TeX Live 2017) (preloaded format=pdflatex 2017.5.23)  5 FEB 2020 20:57
entering extended mode
 restricted \write18 enabled.
 file:line:error style messages enabled.
 %&-line parsing enabled.
**notebook.tex
(./notebook.tex
LaTeX2e <2017-04-15>
Babel <3.10> and hyphenation patterns for 84 language(s) loaded.
(/usr/local/texlive/2017/texmf-dist/tex/latex/base/article.cls
Document Class: article 2014/09/29 v1.4h Standard LaTeX document class
(/usr/local/texlive/2017/texmf-dist/tex/latex/base/size11.clo
File: size11.clo 2014/09/29 v1.4h Standard LaTeX file (size option)
)
\c@part=\count79
\c@section=\count80
\c@subsection=\count81
\c@subsubsection=\count82
\c@paragraph=\count83
\c@subparagraph=\count84
\c@figure=\count85
\c@table=\count86
\abovecaptionskip=\skip41
\belowcaptionskip=\skip42
\bibindent=\dimen102
)
(/usr/local/texlive/2017/texmf-dist/tex/latex/base/fontenc.sty
Package: fontenc 2017/04/05 v2.0i Standard LaTeX package

(/usr/local/texlive/2017/texmf-dist/tex/latex/base/t1enc.def
File: t1enc.def 2017/04/05 v2.0i Standard LaTeX file
LaTeX Font Info:    Redeclaring font encoding T1 on input line 48.
))
(/usr/local/texlive/2017/texmf-dist/tex/latex/psnfss/mathpazo.sty
Package: mathpazo 2005/04/12 PSNFSS-v9.2a Palatino w/ Pazo Math (D.Puga, WaS) 
\symupright=\mathgroup4
)
(/usr/local/texlive/2017/texmf-dist/tex/latex/graphics/graphicx.sty
Package: graphicx 2014/10/28 v1.0g Enhanced LaTeX Graphics (DPC,SPQR)

(/usr/local/texlive/2017/texmf-dist/tex/latex/graphics/keyval.sty
Package: keyval 2014/10/28 v1.15 key=value parser (DPC)
\KV@toks@=\toks14
)
(/usr/local/texlive/2017/texmf-dist/tex/latex/graphics/graphics.sty
Package: graphics 2017/04/14 v1.1b Standard LaTeX Graphics (DPC,SPQR)

(/usr/local/texlive/2017/texmf-dist/tex/latex/graphics/trig.sty
Package: trig 2016/01/03 v1.10 sin cos tan (DPC)
)
(/usr/local/texlive/2017/texmf-dist/tex/latex/graphics-cfg/graphics.cfg
File: graphics.cfg 2016/06/04 v1.11 sample graphics configuration
)
Package graphics Info: Driver file: pdftex.def on input line 99.

(/usr/local/texlive/2017/texmf-dist/tex/latex/graphics-def/pdftex.def
File: pdftex.def 2017/01/12 v0.06k Graphics/color for pdfTeX

(/usr/local/texlive/2017/texmf-dist/tex/generic/oberdiek/infwarerr.sty
Package: infwarerr 2016/05/16 v1.4 Providing info/warning/error messages (HO)
)
(/usr/local/texlive/2017/texmf-dist/tex/generic/oberdiek/ltxcmds.sty
Package: ltxcmds 2016/05/16 v1.23 LaTeX kernel commands for general use (HO)
)
\Gread@gobject=\count87
))
\Gin@req@height=\dimen103
\Gin@req@width=\dimen104
)
(/usr/local/texlive/2017/texmf-dist/tex/latex/caption/caption.sty
Package: caption 2016/02/21 v3.3-144 Customizing captions (AR)

(/usr/local/texlive/2017/texmf-dist/tex/latex/caption/caption3.sty
Package: caption3 2016/05/22 v1.7-166 caption3 kernel (AR)
Package caption3 Info: TeX engine: e-TeX on input line 67.
\captionmargin=\dimen105
\captionmargin@=\dimen106
\captionwidth=\dimen107
\caption@tempdima=\dimen108
\caption@indent=\dimen109
\caption@parindent=\dimen110
\caption@hangindent=\dimen111
)
\c@ContinuedFloat=\count88
)
(/usr/local/texlive/2017/texmf-dist/tex/latex/adjustbox/adjustbox.sty
Package: adjustbox 2012/05/21 v1.0 Adjusting TeX boxes (trim, clip, ...)

(/usr/local/texlive/2017/texmf-dist/tex/latex/xkeyval/xkeyval.sty
Package: xkeyval 2014/12/03 v2.7a package option processing (HA)

(/usr/local/texlive/2017/texmf-dist/tex/generic/xkeyval/xkeyval.tex
(/usr/local/texlive/2017/texmf-dist/tex/generic/xkeyval/xkvutils.tex
\XKV@toks=\toks15
\XKV@tempa@toks=\toks16
)
\XKV@depth=\count89
File: xkeyval.tex 2014/12/03 v2.7a key=value parser (HA)
))
(/usr/local/texlive/2017/texmf-dist/tex/latex/adjustbox/adjcalc.sty
Package: adjcalc 2012/05/16 v1.1 Provides advanced setlength with multiple back
-ends (calc, etex, pgfmath)
)
(/usr/local/texlive/2017/texmf-dist/tex/latex/adjustbox/trimclip.sty
Package: trimclip 2012/05/16 v1.0 Trim and clip general TeX material

(/usr/local/texlive/2017/texmf-dist/tex/latex/collectbox/collectbox.sty
Package: collectbox 2012/05/17 v0.4b Collect macro arguments as boxes
\collectedbox=\box26
)
\tc@llx=\dimen112
\tc@lly=\dimen113
\tc@urx=\dimen114
\tc@ury=\dimen115
Package trimclip Info: Using driver 'tc-pdftex.def'.

(/usr/local/texlive/2017/texmf-dist/tex/latex/adjustbox/tc-pdftex.def
File: tc-pdftex.def 2012/05/13 v1.0 Clipping driver for pdftex
))
\adjbox@Width=\dimen116
\adjbox@Height=\dimen117
\adjbox@Depth=\dimen118
\adjbox@Totalheight=\dimen119

(/usr/local/texlive/2017/texmf-dist/tex/latex/ifoddpage/ifoddpage.sty
Package: ifoddpage 2016/04/23 v1.1 Conditionals for odd/even page detection
\c@checkoddpage=\count90
)
(/usr/local/texlive/2017/texmf-dist/tex/latex/varwidth/varwidth.sty
Package: varwidth 2009/03/30 ver 0.92;  Variable-width minipages
\@vwid@box=\box27
\sift@deathcycles=\count91
\@vwid@loff=\dimen120
\@vwid@roff=\dimen121
))
(/usr/local/texlive/2017/texmf-dist/tex/latex/xcolor/xcolor.sty
Package: xcolor 2016/05/11 v2.12 LaTeX color extensions (UK)

(/usr/local/texlive/2017/texmf-dist/tex/latex/graphics-cfg/color.cfg
File: color.cfg 2016/01/02 v1.6 sample color configuration
)
Package xcolor Info: Driver file: pdftex.def on input line 225.
Package xcolor Info: Model `cmy' substituted by `cmy0' on input line 1348.
Package xcolor Info: Model `hsb' substituted by `rgb' on input line 1352.
Package xcolor Info: Model `RGB' extended on input line 1364.
Package xcolor Info: Model `HTML' substituted by `rgb' on input line 1366.
Package xcolor Info: Model `Hsb' substituted by `hsb' on input line 1367.
Package xcolor Info: Model `tHsb' substituted by `hsb' on input line 1368.
Package xcolor Info: Model `HSB' substituted by `hsb' on input line 1369.
Package xcolor Info: Model `Gray' substituted by `gray' on input line 1370.
Package xcolor Info: Model `wave' substituted by `hsb' on input line 1371.
)
(/usr/local/texlive/2017/texmf-dist/tex/latex/tools/enumerate.sty
Package: enumerate 2015/07/23 v3.00 enumerate extensions (DPC)
\@enLab=\toks17
)
(/usr/local/texlive/2017/texmf-dist/tex/latex/geometry/geometry.sty
Package: geometry 2010/09/12 v5.6 Page Geometry

(/usr/local/texlive/2017/texmf-dist/tex/generic/oberdiek/ifpdf.sty
Package: ifpdf 2017/03/15 v3.2 Provides the ifpdf switch
)
(/usr/local/texlive/2017/texmf-dist/tex/generic/oberdiek/ifvtex.sty
Package: ifvtex 2016/05/16 v1.6 Detect VTeX and its facilities (HO)
Package ifvtex Info: VTeX not detected.
)
(/usr/local/texlive/2017/texmf-dist/tex/generic/ifxetex/ifxetex.sty
Package: ifxetex 2010/09/12 v0.6 Provides ifxetex conditional
)
\Gm@cnth=\count92
\Gm@cntv=\count93
\c@Gm@tempcnt=\count94
\Gm@bindingoffset=\dimen122
\Gm@wd@mp=\dimen123
\Gm@odd@mp=\dimen124
\Gm@even@mp=\dimen125
\Gm@layoutwidth=\dimen126
\Gm@layoutheight=\dimen127
\Gm@layouthoffset=\dimen128
\Gm@layoutvoffset=\dimen129
\Gm@dimlist=\toks18
)
(/usr/local/texlive/2017/texmf-dist/tex/latex/amsmath/amsmath.sty
Package: amsmath 2016/11/05 v2.16a AMS math features
\@mathmargin=\skip43

For additional information on amsmath, use the `?' option.
(/usr/local/texlive/2017/texmf-dist/tex/latex/amsmath/amstext.sty
Package: amstext 2000/06/29 v2.01 AMS text

(/usr/local/texlive/2017/texmf-dist/tex/latex/amsmath/amsgen.sty
File: amsgen.sty 1999/11/30 v2.0 generic functions
\@emptytoks=\toks19
\ex@=\dimen130
))
(/usr/local/texlive/2017/texmf-dist/tex/latex/amsmath/amsbsy.sty
Package: amsbsy 1999/11/29 v1.2d Bold Symbols
\pmbraise@=\dimen131
)
(/usr/local/texlive/2017/texmf-dist/tex/latex/amsmath/amsopn.sty
Package: amsopn 2016/03/08 v2.02 operator names
)
\inf@bad=\count95
LaTeX Info: Redefining \frac on input line 213.
\uproot@=\count96
\leftroot@=\count97
LaTeX Info: Redefining \overline on input line 375.
\classnum@=\count98
\DOTSCASE@=\count99
LaTeX Info: Redefining \ldots on input line 472.
LaTeX Info: Redefining \dots on input line 475.
LaTeX Info: Redefining \cdots on input line 596.
\Mathstrutbox@=\box28
\strutbox@=\box29
\big@size=\dimen132
LaTeX Font Info:    Redeclaring font encoding OML on input line 712.
LaTeX Font Info:    Redeclaring font encoding OMS on input line 713.
\macc@depth=\count100
\c@MaxMatrixCols=\count101
\dotsspace@=\muskip10
\c@parentequation=\count102
\dspbrk@lvl=\count103
\tag@help=\toks20
\row@=\count104
\column@=\count105
\maxfields@=\count106
\andhelp@=\toks21
\eqnshift@=\dimen133
\alignsep@=\dimen134
\tagshift@=\dimen135
\tagwidth@=\dimen136
\totwidth@=\dimen137
\lineht@=\dimen138
\@envbody=\toks22
\multlinegap=\skip44
\multlinetaggap=\skip45
\mathdisplay@stack=\toks23
LaTeX Info: Redefining \[ on input line 2817.
LaTeX Info: Redefining \] on input line 2818.
)
(/usr/local/texlive/2017/texmf-dist/tex/latex/amsfonts/amssymb.sty
Package: amssymb 2013/01/14 v3.01 AMS font symbols

(/usr/local/texlive/2017/texmf-dist/tex/latex/amsfonts/amsfonts.sty
Package: amsfonts 2013/01/14 v3.01 Basic AMSFonts support
\symAMSa=\mathgroup5
\symAMSb=\mathgroup6
LaTeX Font Info:    Overwriting math alphabet `\mathfrak' in version `bold'
(Font)                  U/euf/m/n --> U/euf/b/n on input line 106.
))
(/usr/local/texlive/2017/texmf-dist/tex/latex/base/textcomp.sty
Package: textcomp 2017/04/05 v2.0i Standard LaTeX package
Package textcomp Info: Sub-encoding information:
(textcomp)               5 = only ISO-Adobe without \textcurrency
(textcomp)               4 = 5 + \texteuro
(textcomp)               3 = 4 + \textohm
(textcomp)               2 = 3 + \textestimated + \textcurrency
(textcomp)               1 = TS1 - \textcircled - \t
(textcomp)               0 = TS1 (full)
(textcomp)             Font families with sub-encoding setting implement
(textcomp)             only a restricted character set as indicated.
(textcomp)             Family '?' is the default used for unknown fonts.
(textcomp)             See the documentation for details.
Package textcomp Info: Setting ? sub-encoding to TS1/1 on input line 79.

(/usr/local/texlive/2017/texmf-dist/tex/latex/base/ts1enc.def
File: ts1enc.def 2001/06/05 v3.0e (jk/car/fm) Standard LaTeX file
)
LaTeX Info: Redefining \oldstylenums on input line 334.
Package textcomp Info: Setting cmr sub-encoding to TS1/0 on input line 349.
Package textcomp Info: Setting cmss sub-encoding to TS1/0 on input line 350.
Package textcomp Info: Setting cmtt sub-encoding to TS1/0 on input line 351.
Package textcomp Info: Setting cmvtt sub-encoding to TS1/0 on input line 352.
Package textcomp Info: Setting cmbr sub-encoding to TS1/0 on input line 353.
Package textcomp Info: Setting cmtl sub-encoding to TS1/0 on input line 354.
Package textcomp Info: Setting ccr sub-encoding to TS1/0 on input line 355.
Package textcomp Info: Setting ptm sub-encoding to TS1/4 on input line 356.
Package textcomp Info: Setting pcr sub-encoding to TS1/4 on input line 357.
Package textcomp Info: Setting phv sub-encoding to TS1/4 on input line 358.
Package textcomp Info: Setting ppl sub-encoding to TS1/3 on input line 359.
Package textcomp Info: Setting pag sub-encoding to TS1/4 on input line 360.
Package textcomp Info: Setting pbk sub-encoding to TS1/4 on input line 361.
Package textcomp Info: Setting pnc sub-encoding to TS1/4 on input line 362.
Package textcomp Info: Setting pzc sub-encoding to TS1/4 on input line 363.
Package textcomp Info: Setting bch sub-encoding to TS1/4 on input line 364.
Package textcomp Info: Setting put sub-encoding to TS1/5 on input line 365.
Package textcomp Info: Setting uag sub-encoding to TS1/5 on input line 366.
Package textcomp Info: Setting ugq sub-encoding to TS1/5 on input line 367.
Package textcomp Info: Setting ul8 sub-encoding to TS1/4 on input line 368.
Package textcomp Info: Setting ul9 sub-encoding to TS1/4 on input line 369.
Package textcomp Info: Setting augie sub-encoding to TS1/5 on input line 370.
Package textcomp Info: Setting dayrom sub-encoding to TS1/3 on input line 371.
Package textcomp Info: Setting dayroms sub-encoding to TS1/3 on input line 372.

Package textcomp Info: Setting pxr sub-encoding to TS1/0 on input line 373.
Package textcomp Info: Setting pxss sub-encoding to TS1/0 on input line 374.
Package textcomp Info: Setting pxtt sub-encoding to TS1/0 on input line 375.
Package textcomp Info: Setting txr sub-encoding to TS1/0 on input line 376.
Package textcomp Info: Setting txss sub-encoding to TS1/0 on input line 377.
Package textcomp Info: Setting txtt sub-encoding to TS1/0 on input line 378.
Package textcomp Info: Setting lmr sub-encoding to TS1/0 on input line 379.
Package textcomp Info: Setting lmdh sub-encoding to TS1/0 on input line 380.
Package textcomp Info: Setting lmss sub-encoding to TS1/0 on input line 381.
Package textcomp Info: Setting lmssq sub-encoding to TS1/0 on input line 382.
Package textcomp Info: Setting lmvtt sub-encoding to TS1/0 on input line 383.
Package textcomp Info: Setting lmtt sub-encoding to TS1/0 on input line 384.
Package textcomp Info: Setting qhv sub-encoding to TS1/0 on input line 385.
Package textcomp Info: Setting qag sub-encoding to TS1/0 on input line 386.
Package textcomp Info: Setting qbk sub-encoding to TS1/0 on input line 387.
Package textcomp Info: Setting qcr sub-encoding to TS1/0 on input line 388.
Package textcomp Info: Setting qcs sub-encoding to TS1/0 on input line 389.
Package textcomp Info: Setting qpl sub-encoding to TS1/0 on input line 390.
Package textcomp Info: Setting qtm sub-encoding to TS1/0 on input line 391.
Package textcomp Info: Setting qzc sub-encoding to TS1/0 on input line 392.
Package textcomp Info: Setting qhvc sub-encoding to TS1/0 on input line 393.
Package textcomp Info: Setting futs sub-encoding to TS1/4 on input line 394.
Package textcomp Info: Setting futx sub-encoding to TS1/4 on input line 395.
Package textcomp Info: Setting futj sub-encoding to TS1/4 on input line 396.
Package textcomp Info: Setting hlh sub-encoding to TS1/3 on input line 397.
Package textcomp Info: Setting hls sub-encoding to TS1/3 on input line 398.
Package textcomp Info: Setting hlst sub-encoding to TS1/3 on input line 399.
Package textcomp Info: Setting hlct sub-encoding to TS1/5 on input line 400.
Package textcomp Info: Setting hlx sub-encoding to TS1/5 on input line 401.
Package textcomp Info: Setting hlce sub-encoding to TS1/5 on input line 402.
Package textcomp Info: Setting hlcn sub-encoding to TS1/5 on input line 403.
Package textcomp Info: Setting hlcw sub-encoding to TS1/5 on input line 404.
Package textcomp Info: Setting hlcf sub-encoding to TS1/5 on input line 405.
Package textcomp Info: Setting pplx sub-encoding to TS1/3 on input line 406.
Package textcomp Info: Setting pplj sub-encoding to TS1/3 on input line 407.
Package textcomp Info: Setting ptmx sub-encoding to TS1/4 on input line 408.
Package textcomp Info: Setting ptmj sub-encoding to TS1/4 on input line 409.
)
(/usr/local/texlive/2017/texmf-dist/tex/latex/upquote/upquote.sty
Package: upquote 2012/04/19 v1.3 upright-quote and grave-accent glyphs in verba
tim
)
(/usr/local/texlive/2017/texmf-dist/tex/latex/eurosym/eurosym.sty
Package: eurosym 1998/08/06 v1.1 European currency symbol ``Euro''
\@eurobox=\box30
)
(/usr/local/texlive/2017/texmf-dist/tex/latex/ucs/ucs.sty
Package: ucs 2013/05/11 v2.2 UCS: Unicode input support

(/usr/local/texlive/2017/texmf-dist/tex/latex/ucs/data/uni-global.def
File: uni-global.def 2013/05/13 UCS: Unicode global data
)
\uc@secondtry=\count107
\uc@combtoks=\toks24
\uc@combtoksb=\toks25
\uc@temptokena=\toks26
)
(/usr/local/texlive/2017/texmf-dist/tex/latex/base/inputenc.sty
Package: inputenc 2015/03/17 v1.2c Input encoding file
\inpenc@prehook=\toks27
\inpenc@posthook=\toks28

(/usr/local/texlive/2017/texmf-dist/tex/latex/ucs/utf8x.def
File: utf8x.def 2004/10/17 UCS: Input encoding UTF-8
))
(/usr/local/texlive/2017/texmf-dist/tex/latex/fancyvrb/fancyvrb.sty
Package: fancyvrb 2008/02/07

Style option: `fancyvrb' v2.7a, with DG/SPQR fixes, and firstline=lastline fix 
<2008/02/07> (tvz)
\FV@CodeLineNo=\count108
\FV@InFile=\read1
\FV@TabBox=\box31
\c@FancyVerbLine=\count109
\FV@StepNumber=\count110
\FV@OutFile=\write3
)
(/usr/local/texlive/2017/texmf-dist/tex/latex/oberdiek/grffile.sty
Package: grffile 2016/05/16 v1.17 Extended file name support for graphics (HO)

(/usr/local/texlive/2017/texmf-dist/tex/latex/oberdiek/kvoptions.sty
Package: kvoptions 2016/05/16 v3.12 Key value format for package options (HO)

(/usr/local/texlive/2017/texmf-dist/tex/generic/oberdiek/kvsetkeys.sty
Package: kvsetkeys 2016/05/16 v1.17 Key value parser (HO)

(/usr/local/texlive/2017/texmf-dist/tex/generic/oberdiek/etexcmds.sty
Package: etexcmds 2016/05/16 v1.6 Avoid name clashes with e-TeX commands (HO)

(/usr/local/texlive/2017/texmf-dist/tex/generic/oberdiek/ifluatex.sty
Package: ifluatex 2016/05/16 v1.4 Provides the ifluatex switch (HO)
Package ifluatex Info: LuaTeX not detected.
)
Package etexcmds Info: Could not find \expanded.
(etexcmds)             That can mean that you are not using pdfTeX 1.50 or
(etexcmds)             that some package has redefined \expanded.
(etexcmds)             In the latter case, load this package earlier.
)))
(/usr/local/texlive/2017/texmf-dist/tex/generic/oberdiek/pdftexcmds.sty
Package: pdftexcmds 2017/03/19 v0.25 Utility functions of pdfTeX for LuaTeX (HO
)
Package pdftexcmds Info: LuaTeX not detected.
Package pdftexcmds Info: \pdf@primitive is available.
Package pdftexcmds Info: \pdf@ifprimitive is available.
Package pdftexcmds Info: \pdfdraftmode found.
)
Package grffile Info: Option `multidot' is set to `true'.
Package grffile Info: Option `extendedchars' is set to `false'.
Package grffile Info: Option `space' is set to `true'.
Package grffile Info: \Gin@ii of package `graphicx' fixed on input line 486.
)
(/usr/local/texlive/2017/texmf-dist/tex/latex/hyperref/hyperref.sty
Package: hyperref 2017/03/14 v6.85a Hypertext links for LaTeX

(/usr/local/texlive/2017/texmf-dist/tex/generic/oberdiek/hobsub-hyperref.sty
Package: hobsub-hyperref 2016/05/16 v1.14 Bundle oberdiek, subset hyperref (HO)


(/usr/local/texlive/2017/texmf-dist/tex/generic/oberdiek/hobsub-generic.sty
Package: hobsub-generic 2016/05/16 v1.14 Bundle oberdiek, subset generic (HO)
Package: hobsub 2016/05/16 v1.14 Construct package bundles (HO)
Package hobsub Info: Skipping package `infwarerr' (already loaded).
Package hobsub Info: Skipping package `ltxcmds' (already loaded).
Package hobsub Info: Skipping package `ifluatex' (already loaded).
Package hobsub Info: Skipping package `ifvtex' (already loaded).
Package: intcalc 2016/05/16 v1.2 Expandable calculations with integers (HO)
Package hobsub Info: Skipping package `ifpdf' (already loaded).
Package hobsub Info: Skipping package `etexcmds' (already loaded).
Package hobsub Info: Skipping package `kvsetkeys' (already loaded).
Package: kvdefinekeys 2016/05/16 v1.4 Define keys (HO)
Package hobsub Info: Skipping package `pdftexcmds' (already loaded).
Package: pdfescape 2016/05/16 v1.14 Implements pdfTeX's escape features (HO)
Package: bigintcalc 2016/05/16 v1.4 Expandable calculations on big integers (HO
)
Package: bitset 2016/05/16 v1.2 Handle bit-vector datatype (HO)
Package: uniquecounter 2016/05/16 v1.3 Provide unlimited unique counter (HO)
)
Package hobsub Info: Skipping package `hobsub' (already loaded).
Package: letltxmacro 2016/05/16 v1.5 Let assignment for LaTeX macros (HO)
Package: hopatch 2016/05/16 v1.3 Wrapper for package hooks (HO)
Package: xcolor-patch 2016/05/16 xcolor patch
Package: atveryend 2016/05/16 v1.9 Hooks at the very end of document (HO)
Package atveryend Info: \enddocument detected (standard20110627).
Package: atbegshi 2016/06/09 v1.18 At begin shipout hook (HO)
Package: refcount 2016/05/16 v3.5 Data extraction from label references (HO)
Package: hycolor 2016/05/16 v1.8 Color options for hyperref/bookmark (HO)
)
(/usr/local/texlive/2017/texmf-dist/tex/latex/oberdiek/auxhook.sty
Package: auxhook 2016/05/16 v1.4 Hooks for auxiliary files (HO)
)
\@linkdim=\dimen139
\Hy@linkcounter=\count111
\Hy@pagecounter=\count112

(/usr/local/texlive/2017/texmf-dist/tex/latex/hyperref/pd1enc.def
File: pd1enc.def 2017/03/14 v6.85a Hyperref: PDFDocEncoding definition (HO)
)
\Hy@SavedSpaceFactor=\count113

(/usr/local/texlive/2017/texmf-dist/tex/latex/latexconfig/hyperref.cfg
File: hyperref.cfg 2002/06/06 v1.2 hyperref configuration of TeXLive
)
Package hyperref Info: Hyper figures OFF on input line 4498.
Package hyperref Info: Link nesting OFF on input line 4503.
Package hyperref Info: Hyper index ON on input line 4506.
Package hyperref Info: Plain pages OFF on input line 4513.
Package hyperref Info: Backreferencing OFF on input line 4518.
Package hyperref Info: Implicit mode ON; LaTeX internals redefined.
Package hyperref Info: Bookmarks ON on input line 4751.
\c@Hy@tempcnt=\count114

(/usr/local/texlive/2017/texmf-dist/tex/latex/url/url.sty
\Urlmuskip=\muskip11
Package: url 2013/09/16  ver 3.4  Verb mode for urls, etc.
)
LaTeX Info: Redefining \url on input line 5104.
\XeTeXLinkMargin=\dimen140
\Fld@menulength=\count115
\Field@Width=\dimen141
\Fld@charsize=\dimen142
Package hyperref Info: Hyper figures OFF on input line 6358.
Package hyperref Info: Link nesting OFF on input line 6363.
Package hyperref Info: Hyper index ON on input line 6366.
Package hyperref Info: backreferencing OFF on input line 6373.
Package hyperref Info: Link coloring OFF on input line 6378.
Package hyperref Info: Link coloring with OCG OFF on input line 6383.
Package hyperref Info: PDF/A mode OFF on input line 6388.
LaTeX Info: Redefining \ref on input line 6428.
LaTeX Info: Redefining \pageref on input line 6432.
\Hy@abspage=\count116
\c@Item=\count117
\c@Hfootnote=\count118
)

Package hyperref Message: Driver (autodetected): hpdftex.

(/usr/local/texlive/2017/texmf-dist/tex/latex/hyperref/hpdftex.def
File: hpdftex.def 2017/03/14 v6.85a Hyperref driver for pdfTeX
\Fld@listcount=\count119
\c@bookmark@seq@number=\count120

(/usr/local/texlive/2017/texmf-dist/tex/latex/oberdiek/rerunfilecheck.sty
Package: rerunfilecheck 2016/05/16 v1.8 Rerun checks for auxiliary files (HO)
Package uniquecounter Info: New unique counter `rerunfilecheck' on input line 2
82.
)
\Hy@SectionHShift=\skip46
)
(/usr/local/texlive/2017/texmf-dist/tex/latex/tools/longtable.sty
Package: longtable 2014/10/28 v4.11 Multi-page Table package (DPC)
\LTleft=\skip47
\LTright=\skip48
\LTpre=\skip49
\LTpost=\skip50
\LTchunksize=\count121
\LTcapwidth=\dimen143
\LT@head=\box32
\LT@firsthead=\box33
\LT@foot=\box34
\LT@lastfoot=\box35
\LT@cols=\count122
\LT@rows=\count123
\c@LT@tables=\count124
\c@LT@chunks=\count125
\LT@p@ftn=\toks29
)
(/usr/local/texlive/2017/texmf-dist/tex/latex/booktabs/booktabs.sty
Package: booktabs 2016/04/27 v1.618033 publication quality tables
\heavyrulewidth=\dimen144
\lightrulewidth=\dimen145
\cmidrulewidth=\dimen146
\belowrulesep=\dimen147
\belowbottomsep=\dimen148
\aboverulesep=\dimen149
\abovetopsep=\dimen150
\cmidrulesep=\dimen151
\cmidrulekern=\dimen152
\defaultaddspace=\dimen153
\@cmidla=\count126
\@cmidlb=\count127
\@aboverulesep=\dimen154
\@belowrulesep=\dimen155
\@thisruleclass=\count128
\@lastruleclass=\count129
\@thisrulewidth=\dimen156
)
(/usr/local/texlive/2017/texmf-dist/tex/latex/enumitem/enumitem.sty
Package: enumitem 2011/09/28 v3.5.2 Customized lists
\labelindent=\skip51
\enit@outerparindent=\dimen157
\enit@toks=\toks30
\enit@inbox=\box36
\enitdp@description=\count130
)
(/usr/local/texlive/2017/texmf-dist/tex/generic/ulem/ulem.sty
\UL@box=\box37
\UL@hyphenbox=\box38
\UL@skip=\skip52
\UL@hook=\toks31
\UL@height=\dimen158
\UL@pe=\count131
\UL@pixel=\dimen159
\ULC@box=\box39
Package: ulem 2012/05/18
\ULdepth=\dimen160
)
Package hyperref Info: Option `breaklinks' set `true' on input line 268.
Package hyperref Info: Option `colorlinks' set `true' on input line 268.
 (./notebook.aux

LaTeX Warning: Label `section' multiply defined.


LaTeX Warning: Label `section' multiply defined.


LaTeX Warning: Label `section' multiply defined.


LaTeX Warning: Label `section' multiply defined.


LaTeX Warning: Label `section' multiply defined.


LaTeX Warning: Label `section' multiply defined.

)
\openout1 = `notebook.aux'.

LaTeX Font Info:    Checking defaults for OML/cmm/m/it on input line 275.
LaTeX Font Info:    ... okay on input line 275.
LaTeX Font Info:    Checking defaults for T1/cmr/m/n on input line 275.
LaTeX Font Info:    ... okay on input line 275.
LaTeX Font Info:    Checking defaults for OT1/cmr/m/n on input line 275.
LaTeX Font Info:    ... okay on input line 275.
LaTeX Font Info:    Checking defaults for OMS/cmsy/m/n on input line 275.
LaTeX Font Info:    ... okay on input line 275.
LaTeX Font Info:    Checking defaults for OMX/cmex/m/n on input line 275.
LaTeX Font Info:    ... okay on input line 275.
LaTeX Font Info:    Checking defaults for U/cmr/m/n on input line 275.
LaTeX Font Info:    ... okay on input line 275.
LaTeX Font Info:    Checking defaults for TS1/cmr/m/n on input line 275.
LaTeX Font Info:    Try loading font information for TS1+cmr on input line 275.

 (/usr/local/texlive/2017/texmf-dist/tex/latex/base/ts1cmr.fd
File: ts1cmr.fd 2014/09/29 v2.5h Standard LaTeX font definitions
)
LaTeX Font Info:    ... okay on input line 275.
LaTeX Font Info:    Checking defaults for PD1/pdf/m/n on input line 275.
LaTeX Font Info:    ... okay on input line 275.
LaTeX Font Info:    Try loading font information for T1+ppl on input line 275.

(/usr/local/texlive/2017/texmf-dist/tex/latex/psnfss/t1ppl.fd
File: t1ppl.fd 2001/06/04 font definitions for T1/ppl.
)
(/usr/local/texlive/2017/texmf-dist/tex/context/base/mkii/supp-pdf.mkii
[Loading MPS to PDF converter (version 2006.09.02).]
\scratchcounter=\count132
\scratchdimen=\dimen161
\scratchbox=\box40
\nofMPsegments=\count133
\nofMParguments=\count134
\everyMPshowfont=\toks32
\MPscratchCnt=\count135
\MPscratchDim=\dimen162
\MPnumerator=\count136
\makeMPintoPDFobject=\count137
\everyMPtoPDFconversion=\toks33
) (/usr/local/texlive/2017/texmf-dist/tex/latex/oberdiek/epstopdf-base.sty
Package: epstopdf-base 2016/05/15 v2.6 Base part for package epstopdf

(/usr/local/texlive/2017/texmf-dist/tex/latex/oberdiek/grfext.sty
Package: grfext 2016/05/16 v1.2 Manage graphics extensions (HO)
)
Package epstopdf-base Info: Redefining graphics rule for `.eps' on input line 4
38.
Package grfext Info: Graphics extension search list:
(grfext)             [.png,.pdf,.jpg,.mps,.jpeg,.jbig2,.jb2,.PNG,.PDF,.JPG,.JPE
G,.JBIG2,.JB2,.eps]
(grfext)             \AppendGraphicsExtensions on input line 456.

(/usr/local/texlive/2017/texmf-dist/tex/latex/latexconfig/epstopdf-sys.cfg
File: epstopdf-sys.cfg 2010/07/13 v1.3 Configuration of (r)epstopdf for TeX Liv
e
))
Package caption Info: Begin \AtBeginDocument code.
Package caption Info: hyperref package is loaded.
Package caption Info: longtable package is loaded.

(/usr/local/texlive/2017/texmf-dist/tex/latex/caption/ltcaption.sty
Package: ltcaption 2013/06/09 v1.4-94 longtable captions (AR)
)
Package caption Info: End \AtBeginDocument code.

*geometry* driver: auto-detecting
*geometry* detected driver: pdftex
*geometry* verbose mode - [ preamble ] result:
* driver: pdftex
* paper: <default>
* layout: <same size as paper>
* layoutoffset:(h,v)=(0.0pt,0.0pt)
* modes: 
* h-part:(L,W,R)=(72.26999pt, 469.75502pt, 72.26999pt)
* v-part:(T,H,B)=(72.26999pt, 650.43001pt, 72.26999pt)
* \paperwidth=614.295pt
* \paperheight=794.96999pt
* \textwidth=469.75502pt
* \textheight=650.43001pt
* \oddsidemargin=0.0pt
* \evensidemargin=0.0pt
* \topmargin=-37.0pt
* \headheight=12.0pt
* \headsep=25.0pt
* \topskip=11.0pt
* \footskip=30.0pt
* \marginparwidth=59.0pt
* \marginparsep=10.0pt
* \columnsep=10.0pt
* \skip\footins=10.0pt plus 4.0pt minus 2.0pt
* \hoffset=0.0pt
* \voffset=0.0pt
* \mag=1000
* \@twocolumnfalse
* \@twosidefalse
* \@mparswitchfalse
* \@reversemarginfalse
* (1in=72.27pt=25.4mm, 1cm=28.453pt)

(/usr/local/texlive/2017/texmf-dist/tex/latex/ucs/ucsencs.def
File: ucsencs.def 2011/01/21 Fixes to fontencodings LGR, T3
)
\AtBeginShipoutBox=\box41
Package hyperref Info: Link coloring ON on input line 275.

(/usr/local/texlive/2017/texmf-dist/tex/latex/hyperref/nameref.sty
Package: nameref 2016/05/21 v2.44 Cross-referencing by name of section

(/usr/local/texlive/2017/texmf-dist/tex/generic/oberdiek/gettitlestring.sty
Package: gettitlestring 2016/05/16 v1.5 Cleanup title references (HO)
)
\c@section@level=\count138
)
LaTeX Info: Redefining \ref on input line 275.
LaTeX Info: Redefining \pageref on input line 275.
LaTeX Info: Redefining \nameref on input line 275.

(./notebook.out) (./notebook.out)
\@outlinefile=\write4
\openout4 = `notebook.out'.

LaTeX Font Info:    Try loading font information for OT1+ppl on input line 279.


(/usr/local/texlive/2017/texmf-dist/tex/latex/psnfss/ot1ppl.fd
File: ot1ppl.fd 2001/06/04 font definitions for OT1/ppl.
)
LaTeX Font Info:    Try loading font information for OML+zplm on input line 279
.

(/usr/local/texlive/2017/texmf-dist/tex/latex/psnfss/omlzplm.fd
File: omlzplm.fd 2002/09/08 Fontinst v1.914 font definitions for OML/zplm.
)
LaTeX Font Info:    Try loading font information for OMS+zplm on input line 279
.

(/usr/local/texlive/2017/texmf-dist/tex/latex/psnfss/omszplm.fd
File: omszplm.fd 2002/09/08 Fontinst v1.914 font definitions for OMS/zplm.
)
LaTeX Font Info:    Try loading font information for OMX+zplm on input line 279
.

(/usr/local/texlive/2017/texmf-dist/tex/latex/psnfss/omxzplm.fd
File: omxzplm.fd 2002/09/08 Fontinst v1.914 font definitions for OMX/zplm.
)
LaTeX Font Info:    Try loading font information for OT1+zplm on input line 279
.

(/usr/local/texlive/2017/texmf-dist/tex/latex/psnfss/ot1zplm.fd
File: ot1zplm.fd 2002/09/08 Fontinst v1.914 font definitions for OT1/zplm.
)
LaTeX Font Info:    Font shape `U/msa/m/n' will be
(Font)              scaled to size 12.50409pt on input line 279.
LaTeX Font Info:    Font shape `U/msa/m/n' will be
(Font)              scaled to size 9.37807pt on input line 279.
LaTeX Font Info:    Font shape `U/msa/m/n' will be
(Font)              scaled to size 7.29405pt on input line 279.
LaTeX Font Info:    Font shape `U/msb/m/n' will be
(Font)              scaled to size 12.50409pt on input line 279.
LaTeX Font Info:    Font shape `U/msb/m/n' will be
(Font)              scaled to size 9.37807pt on input line 279.
LaTeX Font Info:    Font shape `U/msb/m/n' will be
(Font)              scaled to size 7.29405pt on input line 279.


LaTeX Warning: No \author given.

LaTeX Font Info:    Font shape `T1/ppl/bx/n' in size <14.4> not available
(Font)              Font shape `T1/ppl/b/n' tried instead on input line 283.
LaTeX Font Info:    Try loading font information for T1+cmtt on input line 285.

(/usr/local/texlive/2017/texmf-dist/tex/latex/base/t1cmtt.fd
File: t1cmtt.fd 2014/09/29 v2.5h Standard LaTeX font definitions
)
LaTeX Font Info:    Font shape `T1/cmtt/bx/n' in size <10.95> not available
(Font)              Font shape `T1/cmtt/m/n' tried instead on input line 286.
LaTeX Font Info:    Try loading font information for TS1+cmtt on input line 323
.

(/usr/local/texlive/2017/texmf-dist/tex/latex/base/ts1cmtt.fd
File: ts1cmtt.fd 2014/09/29 v2.5h Standard LaTeX font definitions
) [1

{/usr/local/texlive/2017/texmf-var/fonts/map/pdftex/updmap/pdftex.map}]
<output_4_1.png, id=42, 363.3575pt x 264.99pt>
File: output_4_1.png Graphic file (type png)
 <use output_4_1.png>
Package pdftex.def Info: output_4_1.png used on input line 368.
(pdftex.def)             Requested size: 363.3566pt x 264.98935pt.
 [2]
Underfull \hbox (badness 10000) in paragraph at lines 370--371

 []

<output_4_2.png, id=48, 363.3575pt x 264.99pt>
File: output_4_2.png Graphic file (type png)
 <use output_4_2.png>
Package pdftex.def Info: output_4_2.png used on input line 373.
(pdftex.def)             Requested size: 363.3566pt x 264.98935pt.

Underfull \hbox (badness 10000) in paragraph at lines 375--376

 []

<output_4_3.png, id=49, 363.3575pt x 264.99pt>
File: output_4_3.png Graphic file (type png)
 <use output_4_3.png>
Package pdftex.def Info: output_4_3.png used on input line 378.
(pdftex.def)             Requested size: 363.3566pt x 264.98935pt.
 [3 <./output_4_1.png> <./output_4_2.png>]
Underfull \hbox (badness 10000) in paragraph at lines 380--381

 []

<output_4_4.png, id=56, 363.3575pt x 264.99pt>
File: output_4_4.png Graphic file (type png)
 <use output_4_4.png>
Package pdftex.def Info: output_4_4.png used on input line 383.
(pdftex.def)             Requested size: 363.3566pt x 264.98935pt.

Underfull \hbox (badness 10000) in paragraph at lines 385--386

 []

<output_4_5.png, id=57, 363.3575pt x 264.99pt>
File: output_4_5.png Graphic file (type png)
 <use output_4_5.png>
Package pdftex.def Info: output_4_5.png used on input line 388.
(pdftex.def)             Requested size: 363.3566pt x 264.98935pt.
 [4 <./output_4_3.png> <./output_4_4.png>]
Underfull \hbox (badness 10000) in paragraph at lines 390--391

 []

<output_4_6.png, id=64, 369.38pt x 264.99pt>
File: output_4_6.png Graphic file (type png)
 <use output_4_6.png>
Package pdftex.def Info: output_4_6.png used on input line 393.
(pdftex.def)             Requested size: 369.37909pt x 264.98935pt.

Underfull \hbox (badness 10000) in paragraph at lines 395--396

 []

<output_4_7.png, id=65, 363.3575pt x 264.99pt>
File: output_4_7.png Graphic file (type png)
 <use output_4_7.png>
Package pdftex.def Info: output_4_7.png used on input line 398.
(pdftex.def)             Requested size: 363.3566pt x 264.98935pt.
 [5 <./output_4_5.png> <./output_4_6.png>]
Underfull \hbox (badness 10000) in paragraph at lines 400--401

 []

<output_4_8.png, id=72, 369.38pt x 264.99pt>
File: output_4_8.png Graphic file (type png)
 <use output_4_8.png>
Package pdftex.def Info: output_4_8.png used on input line 403.
(pdftex.def)             Requested size: 369.37909pt x 264.98935pt.

Underfull \hbox (badness 10000) in paragraph at lines 405--406

 []

<output_4_9.png, id=73, 363.3575pt x 264.99pt>
File: output_4_9.png Graphic file (type png)
 <use output_4_9.png>
Package pdftex.def Info: output_4_9.png used on input line 408.
(pdftex.def)             Requested size: 363.3566pt x 264.98935pt.
 [6 <./output_4_7.png> <./output_4_8.png>]
Underfull \hbox (badness 10000) in paragraph at lines 410--411

 []

<output_4_10.png, id=80, 363.3575pt x 264.99pt>
File: output_4_10.png Graphic file (type png)
 <use output_4_10.png>
Package pdftex.def Info: output_4_10.png used on input line 413.
(pdftex.def)             Requested size: 363.3566pt x 264.98935pt.

Underfull \hbox (badness 10000) in paragraph at lines 415--416

 []

<output_4_11.png, id=81, 363.3575pt x 264.99pt>
File: output_4_11.png Graphic file (type png)
 <use output_4_11.png>
Package pdftex.def Info: output_4_11.png used on input line 418.
(pdftex.def)             Requested size: 363.3566pt x 264.98935pt.
 [7 <./output_4_9.png> <./output_4_10.png>]
Underfull \hbox (badness 10000) in paragraph at lines 420--421

 []

<output_4_12.png, id=89, 363.3575pt x 264.99pt>
File: output_4_12.png Graphic file (type png)
 <use output_4_12.png>
Package pdftex.def Info: output_4_12.png used on input line 423.
(pdftex.def)             Requested size: 363.3566pt x 264.98935pt.

Underfull \hbox (badness 10000) in paragraph at lines 425--426

 []

<output_4_13.png, id=90, 363.3575pt x 264.99pt>
File: output_4_13.png Graphic file (type png)
 <use output_4_13.png>
Package pdftex.def Info: output_4_13.png used on input line 428.
(pdftex.def)             Requested size: 363.3566pt x 264.98935pt.
 [8 <./output_4_11.png> <./output_4_12.png>]
Underfull \hbox (badness 10000) in paragraph at lines 430--431

 []

<output_4_14.png, id=97, 363.3575pt x 264.99pt>
File: output_4_14.png Graphic file (type png)
 <use output_4_14.png>
Package pdftex.def Info: output_4_14.png used on input line 433.
(pdftex.def)             Requested size: 363.3566pt x 264.98935pt.

Underfull \hbox (badness 10000) in paragraph at lines 435--436

 []

<output_4_15.png, id=98, 363.3575pt x 264.99pt>
File: output_4_15.png Graphic file (type png)
 <use output_4_15.png>
Package pdftex.def Info: output_4_15.png used on input line 438.
(pdftex.def)             Requested size: 363.3566pt x 264.98935pt.
 [9 <./output_4_13.png> <./output_4_14.png>]
Underfull \hbox (badness 10000) in paragraph at lines 440--441

 []

<output_4_16.png, id=105, 363.3575pt x 264.99pt>
File: output_4_16.png Graphic file (type png)
 <use output_4_16.png>
Package pdftex.def Info: output_4_16.png used on input line 443.
(pdftex.def)             Requested size: 363.3566pt x 264.98935pt.

Underfull \hbox (badness 10000) in paragraph at lines 445--446

 []

<output_4_17.png, id=106, 363.3575pt x 264.99pt>
File: output_4_17.png Graphic file (type png)
 <use output_4_17.png>
Package pdftex.def Info: output_4_17.png used on input line 448.
(pdftex.def)             Requested size: 363.3566pt x 264.98935pt.
 [10 <./output_4_15.png> <./output_4_16.png>]
Underfull \hbox (badness 10000) in paragraph at lines 450--451

 []

<output_4_18.png, id=113, 363.3575pt x 264.99pt>
File: output_4_18.png Graphic file (type png)
 <use output_4_18.png>
Package pdftex.def Info: output_4_18.png used on input line 453.
(pdftex.def)             Requested size: 363.3566pt x 264.98935pt.

Underfull \hbox (badness 10000) in paragraph at lines 455--456

 []

<output_4_19.png, id=114, 363.3575pt x 264.99pt>
File: output_4_19.png Graphic file (type png)
 <use output_4_19.png>
Package pdftex.def Info: output_4_19.png used on input line 458.
(pdftex.def)             Requested size: 363.3566pt x 264.98935pt.
 [11 <./output_4_17.png> <./output_4_18.png>]
Underfull \hbox (badness 10000) in paragraph at lines 460--461

 []

<output_4_20.png, id=121, 363.3575pt x 264.99pt>
File: output_4_20.png Graphic file (type png)
 <use output_4_20.png>
Package pdftex.def Info: output_4_20.png used on input line 463.
(pdftex.def)             Requested size: 363.3566pt x 264.98935pt.

Underfull \hbox (badness 10000) in paragraph at lines 465--466

 []

<output_4_21.png, id=122, 363.3575pt x 264.99pt>
File: output_4_21.png Graphic file (type png)
 <use output_4_21.png>
Package pdftex.def Info: output_4_21.png used on input line 468.
(pdftex.def)             Requested size: 363.3566pt x 264.98935pt.
 [12 <./output_4_19.png> <./output_4_20.png>]
Underfull \hbox (badness 10000) in paragraph at lines 470--471

 []

<output_4_22.png, id=129, 363.3575pt x 264.99pt>
File: output_4_22.png Graphic file (type png)
 <use output_4_22.png>
Package pdftex.def Info: output_4_22.png used on input line 473.
(pdftex.def)             Requested size: 363.3566pt x 264.98935pt.

Underfull \hbox (badness 10000) in paragraph at lines 475--476

 []

<output_4_23.png, id=130, 363.3575pt x 264.99pt>
File: output_4_23.png Graphic file (type png)
 <use output_4_23.png>
Package pdftex.def Info: output_4_23.png used on input line 478.
(pdftex.def)             Requested size: 363.3566pt x 264.98935pt.
 [13 <./output_4_21.png> <./output_4_22.png>]
Underfull \hbox (badness 10000) in paragraph at lines 480--481

 []

<output_4_24.png, id=138, 363.3575pt x 264.99pt>
File: output_4_24.png Graphic file (type png)
 <use output_4_24.png>
Package pdftex.def Info: output_4_24.png used on input line 483.
(pdftex.def)             Requested size: 363.3566pt x 264.98935pt.

Underfull \hbox (badness 10000) in paragraph at lines 485--486

 []

<output_4_25.png, id=139, 363.3575pt x 264.99pt>
File: output_4_25.png Graphic file (type png)
 <use output_4_25.png>
Package pdftex.def Info: output_4_25.png used on input line 488.
(pdftex.def)             Requested size: 363.3566pt x 264.98935pt.
 [14 <./output_4_23.png> <./output_4_24.png>]
Underfull \hbox (badness 10000) in paragraph at lines 490--491

 []

<output_6_0.png, id=146, 369.38pt x 264.99pt>
File: output_6_0.png Graphic file (type png)
 <use output_6_0.png>
Package pdftex.def Info: output_6_0.png used on input line 506.
(pdftex.def)             Requested size: 369.37909pt x 264.98935pt.
 [15 <./output_4_25.png>]
Underfull \hbox (badness 10000) in paragraph at lines 508--509

 []

<output_7_0.png, id=152, 377.41pt x 264.99pt>
File: output_7_0.png Graphic file (type png)
 <use output_7_0.png>
Package pdftex.def Info: output_7_0.png used on input line 522.
(pdftex.def)             Requested size: 377.40907pt x 264.98935pt.
 [16 <./output_6_0.png>]
Underfull \hbox (badness 10000) in paragraph at lines 524--525

 []

<output_7_1.png, id=158, 384.43625pt x 264.99pt>
File: output_7_1.png Graphic file (type png)
 <use output_7_1.png>
Package pdftex.def Info: output_7_1.png used on input line 527.
(pdftex.def)             Requested size: 384.4353pt x 264.98935pt.

Underfull \hbox (badness 10000) in paragraph at lines 529--530

 []

<output_7_2.png, id=159, 377.41pt x 264.99pt>
File: output_7_2.png Graphic file (type png)
 <use output_7_2.png>
Package pdftex.def Info: output_7_2.png used on input line 532.
(pdftex.def)             Requested size: 377.40907pt x 264.98935pt.
 [17 <./output_7_0.png> <./output_7_1.png>]
Underfull \hbox (badness 10000) in paragraph at lines 534--535

 []

<output_7_3.png, id=166, 384.43625pt x 264.99pt>
File: output_7_3.png Graphic file (type png)
 <use output_7_3.png>
Package pdftex.def Info: output_7_3.png used on input line 537.
(pdftex.def)             Requested size: 384.4353pt x 264.98935pt.

Underfull \hbox (badness 10000) in paragraph at lines 539--540

 []

<output_7_4.png, id=167, 377.41pt x 264.99pt>
File: output_7_4.png Graphic file (type png)
 <use output_7_4.png>
Package pdftex.def Info: output_7_4.png used on input line 542.
(pdftex.def)             Requested size: 377.40907pt x 264.98935pt.
 [18 <./output_7_2.png> <./output_7_3.png>]
Underfull \hbox (badness 10000) in paragraph at lines 544--545

 []

[19 <./output_7_4.png>] <output_13_0.png, id=180, 375.4025pt x 252.945pt>
File: output_13_0.png Graphic file (type png)

<use output_13_0.png>
Package pdftex.def Info: output_13_0.png used on input line 587.
(pdftex.def)             Requested size: 375.40158pt x 252.94438pt.

Underfull \hbox (badness 10000) in paragraph at lines 589--590

 []

<output_15_0.png, id=181, 375.4025pt x 252.945pt>
File: output_15_0.png Graphic file (type png)
 <use output_15_0.png>
Package pdftex.def Info: output_15_0.png used on input line 604.
(pdftex.def)             Requested size: 375.40158pt x 252.94438pt.

[20 <./output_13_0.png>]
Underfull \hbox (badness 10000) in paragraph at lines 606--607

 []

<output_18_1.png, id=187, 367.3725pt x 252.945pt>
File: output_18_1.png Graphic file (type png)
 <use output_18_1.png>
Package pdftex.def Info: output_18_1.png used on input line 623.
(pdftex.def)             Requested size: 367.37158pt x 252.94438pt.

[21 <./output_15_0.png>]
Underfull \hbox (badness 10000) in paragraph at lines 625--626

 []

[22 <./output_18_1.png>] <output_22_1.png, id=198, 1076.02pt x 1943.26pt>
File: output_22_1.png Graphic file (type png)

<use output_22_1.png>
Package pdftex.def Info: output_22_1.png used on input line 669.
(pdftex.def)             Requested size: 1076.0174pt x 1943.25528pt.
 [23]
Overfull \vbox (65.03639pt too high) has occurred while \output is active []


[24 <./output_22_1.png>]
Underfull \hbox (badness 10000) in paragraph at lines 671--672

 []

<output_24_1.png, id=208, 255.95625pt x 252.945pt>
File: output_24_1.png Graphic file (type png)
 <use output_24_1.png>
Package pdftex.def Info: output_24_1.png used on input line 695.
(pdftex.def)             Requested size: 255.95561pt x 252.94438pt.

Underfull \hbox (badness 10000) in paragraph at lines 697--698

 []

<output_25_1.png, id=209, 255.95625pt x 252.945pt>
File: output_25_1.png Graphic file (type png)
 <use output_25_1.png>
Package pdftex.def Info: output_25_1.png used on input line 709.
(pdftex.def)             Requested size: 255.95561pt x 252.94438pt.

[25 <./output_24_1.png>]
Underfull \hbox (badness 10000) in paragraph at lines 711--712

 []

<output_26_1.png, id=217, 255.95625pt x 252.945pt>
File: output_26_1.png Graphic file (type png)
 <use output_26_1.png>
Package pdftex.def Info: output_26_1.png used on input line 723.
(pdftex.def)             Requested size: 255.95561pt x 252.94438pt.

Underfull \hbox (badness 10000) in paragraph at lines 725--726

 []

[26 <./output_25_1.png> <./output_26_1.png>]
<output_27_1.png, id=225, 255.95625pt x 252.945pt>
File: output_27_1.png Graphic file (type png)
 <use output_27_1.png>
Package pdftex.def Info: output_27_1.png used on input line 738.
(pdftex.def)             Requested size: 255.95561pt x 252.94438pt.

Underfull \hbox (badness 10000) in paragraph at lines 740--741

 []

<output_28_1.png, id=226, 255.95625pt x 252.945pt>
File: output_28_1.png Graphic file (type png)
 <use output_28_1.png>
Package pdftex.def Info: output_28_1.png used on input line 752.
(pdftex.def)             Requested size: 255.95561pt x 252.94438pt.

Underfull \hbox (badness 10000) in paragraph at lines 754--755

 []

[27 <./output_27_1.png> <./output_28_1.png>]
<output_29_1.png, id=233, 255.95625pt x 252.945pt>
File: output_29_1.png Graphic file (type png)
 <use output_29_1.png>
Package pdftex.def Info: output_29_1.png used on input line 766.
(pdftex.def)             Requested size: 255.95561pt x 252.94438pt.

Underfull \hbox (badness 10000) in paragraph at lines 768--769

 []

<output_32_1.png, id=234, 394.47375pt x 252.945pt>
File: output_32_1.png Graphic file (type png)
 <use output_32_1.png>
Package pdftex.def Info: output_32_1.png used on input line 790.
(pdftex.def)             Requested size: 394.47278pt x 252.94438pt.

[28 <./output_29_1.png>]
Underfull \hbox (badness 10000) in paragraph at lines 792--793

 []

<output_33_1.png, id=241, 255.95625pt x 252.945pt>
File: output_33_1.png Graphic file (type png)
 <use output_33_1.png>
Package pdftex.def Info: output_33_1.png used on input line 805.
(pdftex.def)             Requested size: 255.95561pt x 252.94438pt.

Underfull \hbox (badness 10000) in paragraph at lines 807--808

 []

[29 <./output_32_1.png> <./output_33_1.png>]
<output_34_1.png, id=248, 255.95625pt x 252.945pt>
File: output_34_1.png Graphic file (type png)
 <use output_34_1.png>
Package pdftex.def Info: output_34_1.png used on input line 819.
(pdftex.def)             Requested size: 255.95561pt x 252.94438pt.

Underfull \hbox (badness 10000) in paragraph at lines 821--822

 []

<output_35_1.png, id=249, 255.95625pt x 252.945pt>
File: output_35_1.png Graphic file (type png)
 <use output_35_1.png>
Package pdftex.def Info: output_35_1.png used on input line 833.
(pdftex.def)             Requested size: 255.95561pt x 252.94438pt.

Underfull \hbox (badness 10000) in paragraph at lines 835--836

 []

[30 <./output_34_1.png> <./output_35_1.png>]
<output_36_1.png, id=256, 255.95625pt x 252.945pt>
File: output_36_1.png Graphic file (type png)
 <use output_36_1.png>
Package pdftex.def Info: output_36_1.png used on input line 847.
(pdftex.def)             Requested size: 255.95561pt x 252.94438pt.

Underfull \hbox (badness 10000) in paragraph at lines 849--850

 []

<output_37_1.png, id=257, 255.95625pt x 252.945pt>
File: output_37_1.png Graphic file (type png)
 <use output_37_1.png>
Package pdftex.def Info: output_37_1.png used on input line 861.
(pdftex.def)             Requested size: 255.95561pt x 252.94438pt.

[31 <./output_36_1.png>]
Underfull \hbox (badness 10000) in paragraph at lines 863--864

 []

Package atveryend Info: Empty hook `BeforeClearDocument' on input line 870.
[32 <./output_37_1.png>]
Package atveryend Info: Empty hook `AfterLastShipout' on input line 870.
 (./notebook.aux)
Package atveryend Info: Executing hook `AtVeryEndDocument' on input line 870.
Package atveryend Info: Executing hook `AtEndAfterFileList' on input line 870.


Package rerunfilecheck Warning: File `notebook.out' has changed.
(rerunfilecheck)                Rerun to get outlines right
(rerunfilecheck)                or use package `bookmark'.

Package rerunfilecheck Info: Checksums for `notebook.out':
(rerunfilecheck)             Before: 22A56556CD0B10972D3E058A826D9A76;266
(rerunfilecheck)             After:  2096380790C2288A85C9617CF0645989;340.

LaTeX Warning: There were multiply-defined labels.

Package atveryend Info: Empty hook `AtVeryVeryEnd' on input line 870.
 ) 
Here is how much of TeX's memory you used:
 11088 strings out of 492995
 167622 string characters out of 6132704
 269630 words of memory out of 5000000
 14391 multiletter control sequences out of 15000+600000
 19835 words of font info for 50 fonts, out of 8000000 for 9000
 1141 hyphenation exceptions out of 8191
 36i,6n,38p,566b,465s stack positions out of 5000i,500n,10000p,200000b,80000s
{/usr/local/texlive/2017/texmf-dist/fonts/enc/dvips/cm-super/cm-super-ts1.enc
}{/usr/local/texlive/2017/texmf-dist/fonts/enc/dvips/cm-super/cm-super-t1.enc}{
/usr/local/texlive/2017/texmf-dist/fonts/enc/dvips/base/8r.enc}</usr/local/texl
ive/2017/texmf-dist/fonts/type1/public/cm-super/sfit1095.pfb></usr/local/texliv
e/2017/texmf-dist/fonts/type1/public/cm-super/sftt1095.pfb></usr/local/texlive/
2017/texmf-dist/fonts/type1/urw/palatino/uplb8a.pfb></usr/local/texlive/2017/te
xmf-dist/fonts/type1/urw/palatino/uplr8a.pfb>
Output written on notebook.pdf (32 pages, 2366088 bytes).
PDF statistics:
 300 PDF objects out of 1000 (max. 8388607)
 166 compressed objects within 2 object streams
 42 named destinations out of 1000 (max. 500000)
 292 words of extra memory for PDF output out of 10000 (max. 10000000)

